2022.01.20 17:58:00 INFO  tracing is disabled for protocol LSP, to enable tracing of incoming and outgoing JSON messages create an empty file at c:\Users\acerte\Desktop\git\PEOJETOS_PESSOAIS\Scala\hello-world\.metals\lsp.trace.json or C:\Users\acerte\AppData\Local\scalameta\metals\cache\lsp.trace.json
2022.01.20 17:58:02 INFO  logging to file C:\Users\acerte\Desktop\git\PEOJETOS_PESSOAIS\Scala\hello-world\.metals\metals.log
2022.01.20 17:58:02 INFO  Started: Metals version 0.11.1 in workspace 'C:\Users\acerte\Desktop\git\PEOJETOS_PESSOAIS\Scala\hello-world' for client Visual Studio Code 1.63.2.
2022.01.20 17:58:02 INFO  Parse release: 1.8.0_311
2022.01.20 17:58:13 INFO  time: initialize in 10s
2022.01.20 17:58:14 WARN  Build server is not auto-connectable.
2022.01.20 17:58:14 WARN  no build target for: C:\Users\acerte\Desktop\git\PEOJETOS_PESSOAIS\Scala\hello-world\src\main\scala\Main.scala
2022.01.20 18:00:03 INFO  no build target found for C:\Users\acerte\Desktop\git\PEOJETOS_PESSOAIS\Scala\hello-world\src\main\scala\Main.scala. Using presentation compiler with project's scala-library version: 3.1.0
2022.01.20 18:00:07 INFO  time: code lens generation in 40s
2022.01.20 18:24:27 INFO  shutting down Metals
2022.01.20 20:40:34 INFO  tracing is disabled for protocol LSP, to enable tracing of incoming and outgoing JSON messages create an empty file at c:\Users\acerte\Desktop\git\PEOJETOS_PESSOAIS\Scala\hello-world\.metals\lsp.trace.json or C:\Users\acerte\AppData\Local\scalameta\metals\cache\lsp.trace.json
2022.01.20 20:40:35 INFO  logging to file C:\Users\acerte\Desktop\git\PEOJETOS_PESSOAIS\Scala\hello-world\.metals\metals.log
2022.01.20 20:40:35 INFO  Started: Metals version 0.11.1 in workspace 'C:\Users\acerte\Desktop\git\PEOJETOS_PESSOAIS\Scala\hello-world' for client Visual Studio Code 1.63.2.
2022.01.20 20:40:35 INFO  Parse release: 1.8.0_311
2022.01.20 20:40:41 INFO  time: initialize in 5.05s
2022.01.20 20:40:42 WARN  Build server is not auto-connectable.
2022.01.20 20:40:42 WARN  no build target for: C:\Users\acerte\Desktop\git\PEOJETOS_PESSOAIS\Scala\hello-world\src\main\scala\Main.scala
2022.01.20 20:40:43 INFO  skipping build import with status 'Requested'
2022.01.20 20:40:49 INFO  no build target found for C:\Users\acerte\Desktop\git\PEOJETOS_PESSOAIS\Scala\hello-world\src\main\scala\Main.scala. Using presentation compiler with project's scala-library version: 3.1.0
2022.01.20 20:40:55 INFO  time: code lens generation in 11s
